{"numFailedTestSuites":1,"numFailedTests":1,"numPassedTestSuites":8,"numPassedTests":92,"numPendingTestSuites":0,"numPendingTests":0,"numRuntimeErrorTestSuites":0,"numTodoTests":0,"numTotalTestSuites":9,"numTotalTests":93,"openHandles":[],"snapshot":{"added":0,"didUpdate":false,"failure":false,"filesAdded":0,"filesRemoved":0,"filesRemovedList":[],"filesUnmatched":0,"filesUpdated":0,"matched":0,"total":0,"unchecked":0,"uncheckedKeysByFile":[],"unmatched":0,"updated":0},"startTime":1785657558136,"success":false,"testResults":[{"assertionResults":[{"ancestorTitles":["S7 Clinical orders, results, and conclusion (functional API)"],"duration":1456,"failureDetails":[],"failureMessages":[],"fullName":"S7 Clinical orders, results, and conclusion (functional API) [TC7.09] refuses a Doctor order for another department/Doctor visit without changing the Visit","invocations":1,"location":null,"numPassingAsserts":2,"retryReasons":[],"status":"passed","title":"[TC7.09] refuses a Doctor order for another department/Doctor visit without changing the Visit"},{"ancestorTitles":["S7 Clinical orders, results, and conclusion (functional API)"],"duration":1359,"failureDetails":[],"failureMessages":[],"fullName":"S7 Clinical orders, results, and conclusion (functional API) [TC7.12] lets the responsible Doctor create an order, transitions the Visit, and audits the order","invocations":1,"location":null,"numPassingAsserts":3,"retryReasons":[],"status":"passed","title":"[TC7.12] lets the responsible Doctor create an order, transitions the Visit, and audits the order"},{"ancestorTitles":["S7 Clinical orders, results, and conclusion (functional API)"],"duration":1385,"failureDetails":[],"failureMessages":[],"fullName":"S7 Clinical orders, results, and conclusion (functional API) [TC7.13] lets the target Lab Manager return a private-S3 result, updates order/Visit, and audits all writes","invocations":1,"location":null,"numPassingAsserts":4,"retryReasons":[],"status":"passed","title":"[TC7.13] lets the target Lab Manager return a private-S3 result, updates order/Visit, and audits all writes"},{"ancestorTitles":["S7 Clinical orders, results, and conclusion (functional API)"],"duration":1419,"failureDetails":[],"failureMessages":[],"fullName":"S7 Clinical orders, results, and conclusion (functional API) [TC7.14] rejects a second result for a RESULT_READY order and retains the first result","invocations":1,"location":null,"numPassingAsserts":1,"retryReasons":[],"status":"passed","title":"[TC7.14] rejects a second result for a RESULT_READY order and retains the first result"},{"ancestorTitles":["S7 Clinical orders, results, and conclusion (functional API)"],"duration":1250,"failureDetails":[],"failureMessages":[],"fullName":"S7 Clinical orders, results, and conclusion (functional API) [TC7.16] rejects public URLs or incomplete private-storage result metadata without creating a result","invocations":1,"location":null,"numPassingAsserts":2,"retryReasons":[],"status":"passed","title":"[TC7.16] rejects public URLs or incomplete private-storage result metadata without creating a result"},{"ancestorTitles":["S7 Clinical orders, results, and conclusion (functional API)"],"duration":1802,"failureDetails":[],"failureMessages":[],"fullName":"S7 Clinical orders, results, and conclusion (functional API) [TC7.17] lets the responsible Doctor view returned results and reach the conclusion-ready workflow state","invocations":1,"location":null,"numPassingAsserts":2,"retryReasons":[],"status":"passed","title":"[TC7.17] lets the responsible Doctor view returned results and reach the conclusion-ready workflow state"},{"ancestorTitles":["S7 Clinical orders, results, and conclusion (functional API)"],"duration":2494,"failureDetails":[],"failureMessages":[],"fullName":"S7 Clinical orders, results, and conclusion (functional API) [TC8.05] lets the responsible Doctor create a MedicalConclusion, completes the Visit, and records audit evidence","invocations":1,"location":null,"numPassingAsserts":3,"retryReasons":[],"status":"passed","title":"[TC8.05] lets the responsible Doctor create a MedicalConclusion, completes the Visit, and records audit evidence"},{"ancestorTitles":["S7 Clinical orders, results, and conclusion (functional API)"],"duration":1729,"failureDetails":[],"failureMessages":[],"fullName":"S7 Clinical orders, results, and conclusion (functional API) [TC8.09] returns visit history and results only for a PatientAccess-authorized profile","invocations":1,"location":null,"numPassingAsserts":2,"retryReasons":[],"status":"passed","title":"[TC8.09] returns visit history and results only for a PatientAccess-authorized profile"},{"ancestorTitles":["S7 Clinical orders, results, and conclusion (functional API)"],"duration":1517,"failureDetails":[],"failureMessages":[],"fullName":"S7 Clinical orders, results, and conclusion (functional API) [TC8.10] denies history outside PatientAccess without returning the visit or result","invocations":1,"location":null,"numPassingAsserts":2,"retryReasons":[],"status":"passed","title":"[TC8.10] denies history outside PatientAccess without returning the visit or result"},{"ancestorTitles":["S7 Clinical orders, results, and conclusion (functional API)"],"duration":1386,"failureDetails":[],"failureMessages":[],"fullName":"S7 Clinical orders, results, and conclusion (functional API) [TC8.01] creates a source-backed AI suggestion through the real provider gateway with correct relations","invocations":1,"location":null,"numPassingAsserts":5,"retryReasons":[],"status":"passed","title":"[TC8.01] creates a source-backed AI suggestion through the real provider gateway with correct relations"},{"ancestorTitles":["S7 Clinical orders, results, and conclusion (functional API)"],"duration":1205,"failureDetails":[],"failureMessages":[],"fullName":"S7 Clinical orders, results, and conclusion (functional API) [TC8.02] keeps a Visit awaiting conclusion when it has an AI suggestion but no Doctor conclusion","invocations":1,"location":null,"numPassingAsserts":2,"retryReasons":[],"status":"passed","title":"[TC8.02] keeps a Visit awaiting conclusion when it has an AI suggestion but no Doctor conclusion"},{"ancestorTitles":["S7 Clinical orders, results, and conclusion (functional API)"],"duration":1391,"failureDetails":[],"failureMessages":[],"fullName":"S7 Clinical orders, results, and conclusion (functional API) [TC8.03] lets the responsible Doctor review an AI diagnosis and stores reviewer feedback without finalizing the Visit","invocations":1,"location":null,"numPassingAsserts":2,"retryReasons":[],"status":"passed","title":"[TC8.03] lets the responsible Doctor review an AI diagnosis and stores reviewer feedback without finalizing the Visit"},{"ancestorTitles":["S7 Clinical orders, results, and conclusion (functional API)"],"duration":1405,"failureDetails":[],"failureMessages":[],"fullName":"S7 Clinical orders, results, and conclusion (functional API) [TC8.04] refuses a Doctor review of an AI diagnosis from another department and leaves it unchanged","invocations":1,"location":null,"numPassingAsserts":1,"retryReasons":[],"status":"passed","title":"[TC8.04] refuses a Doctor review of an AI diagnosis from another department and leaves it unchanged"},{"ancestorTitles":["S7 Clinical orders, results, and conclusion (functional API)"],"duration":1352,"failureDetails":[],"failureMessages":[],"fullName":"S7 Clinical orders, results, and conclusion (functional API) [TC8.06] refuses a conclusion while a medical order is still pending and does not complete the Visit","invocations":1,"location":null,"numPassingAsserts":2,"retryReasons":[],"status":"passed","title":"[TC8.06] refuses a conclusion while a medical order is still pending and does not complete the Visit"},{"ancestorTitles":["S7 Clinical orders, results, and conclusion (functional API)"],"duration":1234,"failureDetails":[],"failureMessages":[],"fullName":"S7 Clinical orders, results, and conclusion (functional API) [TC8.08] rejects non-DOCTOR accounts from creating a conclusion or reviewing AI output","invocations":1,"location":null,"numPassingAsserts":2,"retryReasons":[],"status":"passed","title":"[TC8.08] rejects non-DOCTOR accounts from creating a conclusion or reviewing AI output"},{"ancestorTitles":["S7 Clinical orders, results, and conclusion (functional API)"],"duration":1684,"failureDetails":[{}],"failureMessages":["Error: expected 400 \"Bad Request\", got 201 \"Created\"\n    at Object.<anonymous> (D:\\Personal Datas\\KLTN\\apps\\hospital-api\\test\\functional\\s7-clinical.functional-spec.ts:314:200)\n    at processTicksAndRejections (node:internal/process/task_queues:104:5)\n----\n    at Test._assertStatus (D:\\Personal Datas\\KLTN\\apps\\hospital-api\\node_modules\\supertest\\lib\\test.js:309:14)\n    at D:\\Personal Datas\\KLTN\\apps\\hospital-api\\node_modules\\supertest\\lib\\test.js:365:13\n    at Test._assertFunction (D:\\Personal Datas\\KLTN\\apps\\hospital-api\\node_modules\\supertest\\lib\\test.js:342:13)\n    at Test.assert (D:\\Personal Datas\\KLTN\\apps\\hospital-api\\node_modules\\supertest\\lib\\test.js:195:23)\n    at localAssert (D:\\Personal Datas\\KLTN\\apps\\hospital-api\\node_modules\\supertest\\lib\\test.js:138:14)\n    at Server.<anonymous> (D:\\Personal Datas\\KLTN\\apps\\hospital-api\\node_modules\\supertest\\lib\\test.js:152:11)\n    at Object.onceWrapper (node:events:630:28)\n    at Server.emit (node:events:509:28)\n    at emitCloseNT (node:net:2488:8)\n    at processTicksAndRejections (node:internal/process/task_queues:89:21)"],"fullName":"S7 Clinical orders, results, and conclusion (functional API) [TC8.07] rejects a second conclusion and retains the original conclusion","invocations":1,"location":null,"numPassingAsserts":0,"retryReasons":[],"status":"failed","title":"[TC8.07] rejects a second conclusion and retains the original conclusion"}],"endTime":1785657602791,"message":"  ● S7 Clinical orders, results, and conclusion (functional API) › [TC8.07] rejects a second conclusion and retains the original conclusion\n\n    expected 400 \"Bad Request\", got 201 \"Created\"\n\n    \u001b[0m \u001b[90m 312 |\u001b[39m\n     \u001b[90m 313 |\u001b[39m     \u001b[36mawait\u001b[39m request(functional\u001b[33m.\u001b[39mapp\u001b[33m.\u001b[39mgetHttpServer())\u001b[33m.\u001b[39mpost(\u001b[32m'/api/clinical-decisions/conclusions'\u001b[39m)\u001b[33m.\u001b[39m\u001b[36mset\u001b[39m(bearer(fixture\u001b[33m.\u001b[39mdoctorToken))\u001b[33m.\u001b[39msend({ visitId\u001b[33m:\u001b[39m fixture\u001b[33m.\u001b[39mvisit\u001b[33m.\u001b[39mid\u001b[33m,\u001b[39m finalDiagnosis\u001b[33m:\u001b[39m \u001b[32m'Ket luan lan mot'\u001b[39m })\u001b[33m.\u001b[39mexpect(\u001b[35m201\u001b[39m)\u001b[33m;\u001b[39m\n    \u001b[31m\u001b[1m>\u001b[22m\u001b[39m\u001b[90m 314 |\u001b[39m     \u001b[36mawait\u001b[39m request(functional\u001b[33m.\u001b[39mapp\u001b[33m.\u001b[39mgetHttpServer())\u001b[33m.\u001b[39mpost(\u001b[32m'/api/clinical-decisions/conclusions'\u001b[39m)\u001b[33m.\u001b[39m\u001b[36mset\u001b[39m(bearer(fixture\u001b[33m.\u001b[39mdoctorToken))\u001b[33m.\u001b[39msend({ visitId\u001b[33m:\u001b[39m fixture\u001b[33m.\u001b[39mvisit\u001b[33m.\u001b[39mid\u001b[33m,\u001b[39m finalDiagnosis\u001b[33m:\u001b[39m \u001b[32m'Ket luan lan hai'\u001b[39m })\u001b[33m.\u001b[39mexpect(\u001b[35m400\u001b[39m)\u001b[33m;\u001b[39m\n     \u001b[90m     |\u001b[39m                                                                                                                                                                                                        \u001b[31m\u001b[1m^\u001b[22m\u001b[39m\n     \u001b[90m 315 |\u001b[39m\n     \u001b[90m 316 |\u001b[39m     \u001b[36mawait\u001b[39m expect(functional\u001b[33m.\u001b[39mprisma\u001b[33m.\u001b[39mmedicalConclusion\u001b[33m.\u001b[39mfindUniqueOrThrow({ where\u001b[33m:\u001b[39m { visitId\u001b[33m:\u001b[39m fixture\u001b[33m.\u001b[39mvisit\u001b[33m.\u001b[39mid } }))\u001b[33m.\u001b[39mresolves\u001b[33m.\u001b[39mtoMatchObject({ finalDiagnosis\u001b[33m:\u001b[39m \u001b[32m'Ket luan lan mot'\u001b[39m\u001b[33m,\u001b[39m doctorId\u001b[33m:\u001b[39m fixture\u001b[33m.\u001b[39mdoctor\u001b[33m.\u001b[39mid })\u001b[33m;\u001b[39m\n     \u001b[90m 317 |\u001b[39m   })\u001b[33m;\u001b[39m\u001b[0m\n\n      at Object.<anonymous> (test/functional/s7-clinical.functional-spec.ts:314:200)\n      ----\n      at Test._assertStatus (node_modules/supertest/lib/test.js:309:14)\n      at node_modules/supertest/lib/test.js:365:13\n      at Test._assertFunction (node_modules/supertest/lib/test.js:342:13)\n      at Test.assert (node_modules/supertest/lib/test.js:195:23)\n      at localAssert (node_modules/supertest/lib/test.js:138:14)\n      at Server.<anonymous> (node_modules/supertest/lib/test.js:152:11)\n","name":"D:\\Personal Datas\\KLTN\\apps\\hospital-api\\test\\functional\\s7-clinical.functional-spec.ts","startTime":1785657558646,"status":"failed","summary":""},{"assertionResults":[{"ancestorTitles":["S5 AI model lifecycle (functional API)"],"duration":1474,"failureDetails":[],"failureMessages":[],"fullName":"S5 AI model lifecycle (functional API) [TC5.01] registers an active AI model, encrypts its secret, and records CREATE audit without exposing the ciphertext","invocations":1,"location":null,"numPassingAsserts":5,"retryReasons":[],"status":"passed","title":"[TC5.01] registers an active AI model, encrypts its secret, and records CREATE audit without exposing the ciphertext"},{"ancestorTitles":["S5 AI model lifecycle (functional API)"],"duration":1092,"failureDetails":[],"failureMessages":[],"fullName":"S5 AI model lifecycle (functional API) [TC5.02] rejects a duplicate modelId and preserves the existing AI model","invocations":1,"location":null,"numPassingAsserts":3,"retryReasons":[],"status":"passed","title":"[TC5.02] rejects a duplicate modelId and preserves the existing AI model"},{"ancestorTitles":["S5 AI model lifecycle (functional API)"],"duration":1254,"failureDetails":[],"failureMessages":[],"fullName":"S5 AI model lifecycle (functional API) [TC5.04] reports successful provider connectivity and safely rejects a failing endpoint","invocations":1,"location":null,"numPassingAsserts":3,"retryReasons":[],"status":"passed","title":"[TC5.04] reports successful provider connectivity and safely rejects a failing endpoint"},{"ancestorTitles":["S5 AI model lifecycle (functional API)"],"duration":1499,"failureDetails":[],"failureMessages":[],"fullName":"S5 AI model lifecycle (functional API) [TC5.03] updates safe model configuration and keeps the encrypted secret hidden from the response","invocations":1,"location":null,"numPassingAsserts":4,"retryReasons":[],"status":"passed","title":"[TC5.03] updates safe model configuration and keeps the encrypted secret hidden from the response"},{"ancestorTitles":["S5 AI model lifecycle (functional API)"],"duration":1213,"failureDetails":[],"failureMessages":[],"fullName":"S5 AI model lifecycle (functional API) [TC5.05] hides an active model so it is inactive and unavailable for diagnosis","invocations":1,"location":null,"numPassingAsserts":1,"retryReasons":[],"status":"passed","title":"[TC5.05] hides an active model so it is inactive and unavailable for diagnosis"},{"ancestorTitles":["S5 AI model lifecycle (functional API)"],"duration":1302,"failureDetails":[],"failureMessages":[],"fullName":"S5 AI model lifecycle (functional API) [TC5.12] lets a Doctor see only active, non-deleted models eligible for diagnosis","invocations":1,"location":null,"numPassingAsserts":2,"retryReasons":[],"status":"passed","title":"[TC5.12] lets a Doctor see only active, non-deleted models eligible for diagnosis"},{"ancestorTitles":["S5 AI model lifecycle (functional API)"],"duration":1209,"failureDetails":[],"failureMessages":[],"fullName":"S5 AI model lifecycle (functional API) [TC5.06] restores a soft-deleted model within 30 days as inactive and clears deletion metadata","invocations":1,"location":null,"numPassingAsserts":1,"retryReasons":[],"status":"passed","title":"[TC5.06] restores a soft-deleted model within 30 days as inactive and clears deletion metadata"},{"ancestorTitles":["S5 AI model lifecycle (functional API)"],"duration":1182,"failureDetails":[],"failureMessages":[],"fullName":"S5 AI model lifecycle (functional API) [TC5.07] refuses permanent deletion of a model with an AI diagnosis and retains its relation","invocations":1,"location":null,"numPassingAsserts":2,"retryReasons":[],"status":"passed","title":"[TC5.07] refuses permanent deletion of a model with an AI diagnosis and retains its relation"},{"ancestorTitles":["S5 AI model lifecycle (functional API)"],"duration":1229,"failureDetails":[],"failureMessages":[],"fullName":"S5 AI model lifecycle (functional API) [TC5.08] permanently deletes an unreferenced soft-deleted model and records the administrative deletion audit","invocations":1,"location":null,"numPassingAsserts":2,"retryReasons":[],"status":"passed","title":"[TC5.08] permanently deletes an unreferenced soft-deleted model and records the administrative deletion audit"}],"endTime":1785657615542,"message":"","name":"D:\\Personal Datas\\KLTN\\apps\\hospital-api\\test\\functional\\s5-ai-model.functional-spec.ts","startTime":1785657602849,"status":"passed","summary":""},{"assertionResults":[{"ancestorTitles":["S3 Staff lifecycle (functional API)"],"duration":1815,"failureDetails":[],"failureMessages":[],"fullName":"S3 Staff lifecycle (functional API) [TC3.01] creates a valid receptionist linked to an active compatible department and audit record","invocations":1,"location":null,"numPassingAsserts":4,"retryReasons":[],"status":"passed","title":"[TC3.01] creates a valid receptionist linked to an active compatible department and audit record"},{"ancestorTitles":["S3 Staff lifecycle (functional API)"],"duration":1534,"failureDetails":[],"failureMessages":[],"fullName":"S3 Staff lifecycle (functional API) [TC3.02] rejects duplicated staff identity data without creating another user or profile","invocations":1,"location":null,"numPassingAsserts":2,"retryReasons":[],"status":"passed","title":"[TC3.02] rejects duplicated staff identity data without creating another user or profile"},{"ancestorTitles":["S3 Staff lifecycle (functional API)"],"duration":1076,"failureDetails":[],"failureMessages":[],"fullName":"S3 Staff lifecycle (functional API) [TC3.03] refuses creation of a second Admin from the staff module","invocations":1,"location":null,"numPassingAsserts":1,"retryReasons":[],"status":"passed","title":"[TC3.03] refuses creation of a second Admin from the staff module"},{"ancestorTitles":["S3 Staff lifecycle (functional API)"],"duration":1093,"failureDetails":[],"failureMessages":[],"fullName":"S3 Staff lifecycle (functional API) [TC3.04] refuses Doctor creation from the staff module","invocations":1,"location":null,"numPassingAsserts":1,"retryReasons":[],"status":"passed","title":"[TC3.04] refuses Doctor creation from the staff module"},{"ancestorTitles":["S3 Staff lifecycle (functional API)"],"duration":1594,"failureDetails":[],"failureMessages":[],"fullName":"S3 Staff lifecycle (functional API) [TC3.05] updates staff contact, position, and compatible department while retaining the linked user","invocations":1,"location":null,"numPassingAsserts":3,"retryReasons":[],"status":"passed","title":"[TC3.05] updates staff contact, position, and compatible department while retaining the linked user"},{"ancestorTitles":["S3 Staff lifecycle (functional API)"],"duration":1425,"failureDetails":[],"failureMessages":[],"fullName":"S3 Staff lifecycle (functional API) [TC3.06] rejects changes to username, role, or status in a staff profile update","invocations":1,"location":null,"numPassingAsserts":1,"retryReasons":[],"status":"passed","title":"[TC3.06] rejects changes to username, role, or status in a staff profile update"},{"ancestorTitles":["S3 Staff lifecycle (functional API)"],"duration":1505,"failureDetails":[],"failureMessages":[],"fullName":"S3 Staff lifecycle (functional API) [TC3.07] rejects assigning a receptionist to an examination department","invocations":1,"location":null,"numPassingAsserts":1,"retryReasons":[],"status":"passed","title":"[TC3.07] rejects assigning a receptionist to an examination department"},{"ancestorTitles":["S3 Staff lifecycle (functional API)"],"duration":1690,"failureDetails":[],"failureMessages":[],"fullName":"S3 Staff lifecycle (functional API) [TC3.08] locks then unlocks a staff account and increments its token version","invocations":1,"location":null,"numPassingAsserts":2,"retryReasons":[],"status":"passed","title":"[TC3.08] locks then unlocks a staff account and increments its token version"},{"ancestorTitles":["S3 Staff lifecycle (functional API)"],"duration":1572,"failureDetails":[],"failureMessages":[],"fullName":"S3 Staff lifecycle (functional API) [TC3.11] soft-deletes staff without assigned visits, doctor profile, or managed department","invocations":1,"location":null,"numPassingAsserts":3,"retryReasons":[],"status":"passed","title":"[TC3.11] soft-deletes staff without assigned visits, doctor profile, or managed department"},{"ancestorTitles":["S3 Staff lifecycle (functional API)"],"duration":1466,"failureDetails":[],"failureMessages":[],"fullName":"S3 Staff lifecycle (functional API) [TC3.12] refuses permanent deletion when the staff member manages a department","invocations":1,"location":null,"numPassingAsserts":2,"retryReasons":[],"status":"passed","title":"[TC3.12] refuses permanent deletion when the staff member manages a department"},{"ancestorTitles":["S3 Staff lifecycle (functional API)"],"duration":1573,"failureDetails":[],"failureMessages":[],"fullName":"S3 Staff lifecycle (functional API) [TC3.13] restores a recently soft-deleted staff account as inactive and retains the profile","invocations":1,"location":null,"numPassingAsserts":3,"retryReasons":[],"status":"passed","title":"[TC3.13] restores a recently soft-deleted staff account as inactive and retains the profile"},{"ancestorTitles":["S3 Staff lifecycle (functional API)"],"duration":1545,"failureDetails":[],"failureMessages":[],"fullName":"S3 Staff lifecycle (functional API) [TC3.14] permanently removes an unreferenced deleted StaffProfile and retains its User tombstone","invocations":1,"location":null,"numPassingAsserts":2,"retryReasons":[],"status":"passed","title":"[TC3.14] permanently removes an unreferenced deleted StaffProfile and retains its User tombstone"}],"endTime":1785657634535,"message":"","name":"D:\\Personal Datas\\KLTN\\apps\\hospital-api\\test\\functional\\s3-staff.functional-spec.ts","startTime":1785657615564,"status":"passed","summary":""},{"assertionResults":[{"ancestorTitles":["S6 Audit viewing and privacy (functional API)"],"duration":1465,"failureDetails":[],"failureMessages":[],"fullName":"S6 Audit viewing and privacy (functional API) [TC6.01] filters audit logs by entity, action, actor, time and pagination","invocations":1,"location":null,"numPassingAsserts":2,"retryReasons":[],"status":"passed","title":"[TC6.01] filters audit logs by entity, action, actor, time and pagination"},{"ancestorTitles":["S6 Audit viewing and privacy (functional API)"],"duration":1352,"failureDetails":[],"failureMessages":[],"fullName":"S6 Audit viewing and privacy (functional API) [TC6.02] exposes an audit detail with actor, entity, action, change fields and verification—not snapshots","invocations":1,"location":null,"numPassingAsserts":7,"retryReasons":[],"status":"passed","title":"[TC6.02] exposes an audit detail with actor, entity, action, change fields and verification—not snapshots"},{"ancestorTitles":["S6 Audit viewing and privacy (functional API)"],"duration":1849,"failureDetails":[],"failureMessages":[],"fullName":"S6 Audit viewing and privacy (functional API) [TC6.03] redacts sensitive Staff audit data and never returns plaintext or encrypted snapshots","invocations":1,"location":null,"numPassingAsserts":6,"retryReasons":[],"status":"passed","title":"[TC6.03] redacts sensitive Staff audit data and never returns plaintext or encrypted snapshots"},{"ancestorTitles":["S6 Audit viewing and privacy (functional API)"],"duration":1187,"failureDetails":[],"failureMessages":[],"fullName":"S6 Audit viewing and privacy (functional API) [TC6.04] verifies a valid audited entity chain without creating an unnecessary recovery record","invocations":1,"location":null,"numPassingAsserts":3,"retryReasons":[],"status":"passed","title":"[TC6.04] verifies a valid audited entity chain without creating an unnecessary recovery record"},{"ancestorTitles":["S6 Audit viewing and privacy (functional API)"],"duration":1273,"failureDetails":[],"failureMessages":[],"fullName":"S6 Audit viewing and privacy (functional API) [TC6.05] shows ARTIFACT_READY sequence-range logs before batchId assignment without false 0/0 or missing hashes","invocations":1,"location":null,"numPassingAsserts":5,"retryReasons":[],"status":"passed","title":"[TC6.05] shows ARTIFACT_READY sequence-range logs before batchId assignment without false 0/0 or missing hashes"},{"ancestorTitles":["S6 Audit viewing and privacy (functional API)"],"duration":1541,"failureDetails":[],"failureMessages":[],"fullName":"S6 Audit viewing and privacy (functional API) [TC6.06] anchors pending audit logs and exposes matching batch, log, and checkpoint state","invocations":1,"location":null,"numPassingAsserts":8,"retryReasons":[],"status":"passed","title":"[TC6.06] anchors pending audit logs and exposes matching batch, log, and checkpoint state"}],"endTime":1785657644330,"message":"","name":"D:\\Personal Datas\\KLTN\\apps\\hospital-api\\test\\functional\\s6-audit.functional-spec.ts","startTime":1785657634555,"status":"passed","summary":""},{"assertionResults":[{"ancestorTitles":["S9 Patient portal appointments (functional API)"],"duration":1386,"failureDetails":[],"failureMessages":[],"fullName":"S9 Patient portal appointments (functional API) [TC9.01] verifies a valid OTP and returns a PATIENT session linked to the matching patient profile","invocations":1,"location":null,"numPassingAsserts":5,"retryReasons":[],"status":"passed","title":"[TC9.01] verifies a valid OTP and returns a PATIENT session linked to the matching patient profile"},{"ancestorTitles":["S9 Patient portal appointments (functional API)"],"duration":1326,"failureDetails":[],"failureMessages":[],"fullName":"S9 Patient portal appointments (functional API) [TC9.02] rejects wrong and expired OTP values without creating a patient session","invocations":1,"location":null,"numPassingAsserts":2,"retryReasons":[],"status":"passed","title":"[TC9.02] rejects wrong and expired OTP values without creating a patient session"},{"ancestorTitles":["S9 Patient portal appointments (functional API)"],"duration":1209,"failureDetails":[],"failureMessages":[],"fullName":"S9 Patient portal appointments (functional API) [TC9.03] creates a linked self patient profile with active access and full portal permissions","invocations":1,"location":null,"numPassingAsserts":1,"retryReasons":[],"status":"passed","title":"[TC9.03] creates a linked self patient profile with active access and full portal permissions"},{"ancestorTitles":["S9 Patient portal appointments (functional API)"],"duration":1232,"failureDetails":[],"failureMessages":[],"fullName":"S9 Patient portal appointments (functional API) [TC9.04] rejects a profile with a citizen ID already assigned to another Patient","invocations":1,"location":null,"numPassingAsserts":1,"retryReasons":[],"status":"passed","title":"[TC9.04] rejects a profile with a citizen ID already assigned to another Patient"},{"ancestorTitles":["S9 Patient portal appointments (functional API)"],"duration":1199,"failureDetails":[],"failureMessages":[],"fullName":"S9 Patient portal appointments (functional API) [TC9.05] shows only active eligible specialty, Doctor, and future slot choices","invocations":1,"location":null,"numPassingAsserts":3,"retryReasons":[],"status":"passed","title":"[TC9.05] shows only active eligible specialty, Doctor, and future slot choices"},{"ancestorTitles":["S9 Patient portal appointments (functional API)"],"duration":1185,"failureDetails":[],"failureMessages":[],"fullName":"S9 Patient portal appointments (functional API) [TC9.06] creates a CONFIRMED appointment with an opaque QR token and audit record","invocations":1,"location":null,"numPassingAsserts":3,"retryReasons":[],"status":"passed","title":"[TC9.06] creates a CONFIRMED appointment with an opaque QR token and audit record"},{"ancestorTitles":["S9 Patient portal appointments (functional API)"],"duration":1217,"failureDetails":[],"failureMessages":[],"fullName":"S9 Patient portal appointments (functional API) [TC9.07] rejects a mismatched Doctor specialty without creating an appointment","invocations":1,"location":null,"numPassingAsserts":1,"retryReasons":[],"status":"passed","title":"[TC9.07] rejects a mismatched Doctor specialty without creating an appointment"},{"ancestorTitles":["S9 Patient portal appointments (functional API)"],"duration":1290,"failureDetails":[],"failureMessages":[],"fullName":"S9 Patient portal appointments (functional API) [TC9.08] returns only the linked patient appointments and can rotate their QR payload","invocations":1,"location":null,"numPassingAsserts":3,"retryReasons":[],"status":"passed","title":"[TC9.08] returns only the linked patient appointments and can rotate their QR payload"},{"ancestorTitles":["S9 Patient portal appointments (functional API)"],"duration":1257,"failureDetails":[],"failureMessages":[],"fullName":"S9 Patient portal appointments (functional API) [TC9.09] cancels an un-checked-in appointment without creating a Visit","invocations":1,"location":null,"numPassingAsserts":2,"retryReasons":[],"status":"passed","title":"[TC9.09] cancels an un-checked-in appointment without creating a Visit"},{"ancestorTitles":["S9 Patient portal appointments (functional API)"],"duration":1542,"failureDetails":[],"failureMessages":[],"fullName":"S9 Patient portal appointments (functional API) [TC9.10] lets Reception verify QR and check in a CONFIRMED appointment to create its Visit","invocations":1,"location":null,"numPassingAsserts":4,"retryReasons":[],"status":"passed","title":"[TC9.10] lets Reception verify QR and check in a CONFIRMED appointment to create its Visit"},{"ancestorTitles":["S9 Patient portal appointments (functional API)"],"duration":1513,"failureDetails":[],"failureMessages":[],"fullName":"S9 Patient portal appointments (functional API) [TC9.11] lists, reads, and deletes only the current user notifications with correct unread counts","invocations":1,"location":null,"numPassingAsserts":7,"retryReasons":[],"status":"passed","title":"[TC9.11] lists, reads, and deletes only the current user notifications with correct unread counts"}],"endTime":1785657659899,"message":"","name":"D:\\Personal Datas\\KLTN\\apps\\hospital-api\\test\\functional\\s9-patient-portal.functional-spec.ts","startTime":1785657644349,"status":"passed","summary":""},{"assertionResults":[{"ancestorTitles":["S4 Doctor lifecycle (functional API)"],"duration":1588,"failureDetails":[],"failureMessages":[],"fullName":"S4 Doctor lifecycle (functional API) [TC4.01] creates a doctor user, staff profile, and doctor profile atomically with a CREATE audit","invocations":1,"location":null,"numPassingAsserts":3,"retryReasons":[],"status":"passed","title":"[TC4.01] creates a doctor user, staff profile, and doctor profile atomically with a CREATE audit"},{"ancestorTitles":["S4 Doctor lifecycle (functional API)"],"duration":1166,"failureDetails":[],"failureMessages":[],"fullName":"S4 Doctor lifecycle (functional API) [TC4.02] creates a DoctorProfile for an existing DOCTOR staff member","invocations":1,"location":null,"numPassingAsserts":1,"retryReasons":[],"status":"passed","title":"[TC4.02] creates a DoctorProfile for an existing DOCTOR staff member"},{"ancestorTitles":["S4 Doctor lifecycle (functional API)"],"duration":1482,"failureDetails":[],"failureMessages":[],"fullName":"S4 Doctor lifecycle (functional API) [TC4.03] rejects duplicate doctor identity or license data without partial creation","invocations":1,"location":null,"numPassingAsserts":2,"retryReasons":[],"status":"passed","title":"[TC4.03] rejects duplicate doctor identity or license data without partial creation"},{"ancestorTitles":["S4 Doctor lifecycle (functional API)"],"duration":1568,"failureDetails":[],"failureMessages":[],"fullName":"S4 Doctor lifecycle (functional API) [TC4.04] updates medical specialty, qualification, and experience and records UPDATE audit","invocations":1,"location":null,"numPassingAsserts":3,"retryReasons":[],"status":"passed","title":"[TC4.04] updates medical specialty, qualification, and experience and records UPDATE audit"},{"ancestorTitles":["S4 Doctor lifecycle (functional API)"],"duration":2054,"failureDetails":[],"failureMessages":[],"fullName":"S4 Doctor lifecycle (functional API) [TC4.05] filters doctors by specialty and account status with pagination","invocations":1,"location":null,"numPassingAsserts":1,"retryReasons":[],"status":"passed","title":"[TC4.05] filters doctors by specialty and account status with pagination"},{"ancestorTitles":["S4 Doctor lifecycle (functional API)"],"duration":1716,"failureDetails":[],"failureMessages":[],"fullName":"S4 Doctor lifecycle (functional API) [TC4.06] soft-deletes an unreferenced Doctor while retaining its profiles and User tombstone","invocations":1,"location":null,"numPassingAsserts":2,"retryReasons":[],"status":"passed","title":"[TC4.06] soft-deletes an unreferenced Doctor while retaining its profiles and User tombstone"},{"ancestorTitles":["S4 Doctor lifecycle (functional API)"],"duration":1707,"failureDetails":[],"failureMessages":[],"fullName":"S4 Doctor lifecycle (functional API) [TC4.07] refuses permanent deletion of a Doctor with an assigned Visit and retains every relation","invocations":1,"location":null,"numPassingAsserts":2,"retryReasons":[],"status":"passed","title":"[TC4.07] refuses permanent deletion of a Doctor with an assigned Visit and retains every relation"},{"ancestorTitles":["S4 Doctor lifecycle (functional API)"],"duration":1560,"failureDetails":[],"failureMessages":[],"fullName":"S4 Doctor lifecycle (functional API) [TC4.08] restores a recently soft-deleted Doctor as inactive without losing their department or profiles","invocations":1,"location":null,"numPassingAsserts":1,"retryReasons":[],"status":"passed","title":"[TC4.08] restores a recently soft-deleted Doctor as inactive without losing their department or profiles"},{"ancestorTitles":["S4 Doctor lifecycle (functional API)"],"duration":1680,"failureDetails":[],"failureMessages":[],"fullName":"S4 Doctor lifecycle (functional API) [TC4.09] permanently removes an unreferenced deleted Doctor and StaffProfile while retaining the User tombstone","invocations":1,"location":null,"numPassingAsserts":3,"retryReasons":[],"status":"passed","title":"[TC4.09] permanently removes an unreferenced deleted Doctor and StaffProfile while retaining the User tombstone"}],"endTime":1785657675505,"message":"","name":"D:\\Personal Datas\\KLTN\\apps\\hospital-api\\test\\functional\\s4-doctor.functional-spec.ts","startTime":1785657659915,"status":"passed","summary":""},{"assertionResults":[{"ancestorTitles":["S2 Department lifecycle (functional API)"],"duration":1341,"failureDetails":[],"failureMessages":[],"fullName":"S2 Department lifecycle (functional API) [TC2.01] creates a valid active clinical department and records its audit change","invocations":1,"location":null,"numPassingAsserts":2,"retryReasons":[],"status":"passed","title":"[TC2.01] creates a valid active clinical department and records its audit change"},{"ancestorTitles":["S2 Department lifecycle (functional API)"],"duration":1139,"failureDetails":[],"failureMessages":[],"fullName":"S2 Department lifecycle (functional API) [TC2.02] rejects a duplicate department code without creating a second department","invocations":1,"location":null,"numPassingAsserts":1,"retryReasons":[],"status":"passed","title":"[TC2.02] rejects a duplicate department code without creating a second department"},{"ancestorTitles":["S2 Department lifecycle (functional API)"],"duration":1180,"failureDetails":[],"failureMessages":[],"fullName":"S2 Department lifecycle (functional API) [TC2.03] updates floor, description and order capability within valid type rules","invocations":1,"location":null,"numPassingAsserts":1,"retryReasons":[],"status":"passed","title":"[TC2.03] updates floor, description and order capability within valid type rules"},{"ancestorTitles":["S2 Department lifecycle (functional API)"],"duration":1483,"failureDetails":[],"failureMessages":[],"fullName":"S2 Department lifecycle (functional API) [TC2.04] assigns a compatible staff member from the same department as manager","invocations":1,"location":null,"numPassingAsserts":1,"retryReasons":[],"status":"passed","title":"[TC2.04] assigns a compatible staff member from the same department as manager"},{"ancestorTitles":["S2 Department lifecycle (functional API)"],"duration":1105,"failureDetails":[],"failureMessages":[],"fullName":"S2 Department lifecycle (functional API) [TC2.05] rejects assignment of a non-existent manager without changing the current manager","invocations":1,"location":null,"numPassingAsserts":1,"retryReasons":[],"status":"passed","title":"[TC2.05] rejects assignment of a non-existent manager without changing the current manager"},{"ancestorTitles":["S2 Department lifecycle (functional API)"],"duration":1153,"failureDetails":[],"failureMessages":[],"fullName":"S2 Department lifecycle (functional API) [TC2.06] filters departments by status and excludes deleted departments by default","invocations":1,"location":null,"numPassingAsserts":3,"retryReasons":[],"status":"passed","title":"[TC2.06] filters departments by status and excludes deleted departments by default"},{"ancestorTitles":["S2 Department lifecycle (functional API)"],"duration":1122,"failureDetails":[],"failureMessages":[],"fullName":"S2 Department lifecycle (functional API) [TC2.07] soft-deletes an empty department and records deletion metadata","invocations":1,"location":null,"numPassingAsserts":2,"retryReasons":[],"status":"passed","title":"[TC2.07] soft-deletes an empty department and records deletion metadata"},{"ancestorTitles":["S2 Department lifecycle (functional API)"],"duration":1113,"failureDetails":[],"failureMessages":[],"fullName":"S2 Department lifecycle (functional API) [TC2.08] refuses to delete an active department that still has staff data","invocations":1,"location":null,"numPassingAsserts":1,"retryReasons":[],"status":"passed","title":"[TC2.08] refuses to delete an active department that still has staff data"},{"ancestorTitles":["S2 Department lifecycle (functional API)"],"duration":1114,"failureDetails":[],"failureMessages":[],"fullName":"S2 Department lifecycle (functional API) [TC2.09] soft-deletes an inactive department with business references without removing them","invocations":1,"location":null,"numPassingAsserts":1,"retryReasons":[],"status":"passed","title":"[TC2.09] soft-deletes an inactive department with business references without removing them"},{"ancestorTitles":["S2 Department lifecycle (functional API)"],"duration":1244,"failureDetails":[],"failureMessages":[],"fullName":"S2 Department lifecycle (functional API) [TC2.10] restores a recently deleted department as inactive and clears deletion metadata","invocations":1,"location":null,"numPassingAsserts":2,"retryReasons":[],"status":"passed","title":"[TC2.10] restores a recently deleted department as inactive and clears deletion metadata"},{"ancestorTitles":["S2 Department lifecycle (functional API)"],"duration":1201,"failureDetails":[],"failureMessages":[],"fullName":"S2 Department lifecycle (functional API) [TC2.11] refuses restoration after the 30-day recovery window","invocations":1,"location":null,"numPassingAsserts":1,"retryReasons":[],"status":"passed","title":"[TC2.11] refuses restoration after the 30-day recovery window"}],"endTime":1785657689675,"message":"","name":"D:\\Personal Datas\\KLTN\\apps\\hospital-api\\test\\functional\\s2-department.functional-spec.ts","startTime":1785657675520,"status":"passed","summary":""},{"assertionResults":[{"ancestorTitles":["S7 Patient intake and Visit state machine (functional API)"],"duration":1286,"failureDetails":[],"failureMessages":[],"fullName":"S7 Patient intake and Visit state machine (functional API) [TC7.01] lets a Receptionist create a valid Patient and writes a CREATE audit record","invocations":1,"location":null,"numPassingAsserts":2,"retryReasons":[],"status":"passed","title":"[TC7.01] lets a Receptionist create a valid Patient and writes a CREATE audit record"},{"ancestorTitles":["S7 Patient intake and Visit state machine (functional API)"],"duration":1129,"failureDetails":[],"failureMessages":[],"fullName":"S7 Patient intake and Visit state machine (functional API) [TC7.02] rejects a duplicate Patient citizen ID without creating another Patient","invocations":1,"location":null,"numPassingAsserts":1,"retryReasons":[],"status":"passed","title":"[TC7.02] rejects a duplicate Patient citizen ID without creating another Patient"},{"ancestorTitles":["S7 Patient intake and Visit state machine (functional API)"],"duration":1169,"failureDetails":[],"failureMessages":[],"fullName":"S7 Patient intake and Visit state machine (functional API) [TC7.03] lets a Receptionist update Patient data and writes an UPDATE audit record","invocations":1,"location":null,"numPassingAsserts":2,"retryReasons":[],"status":"passed","title":"[TC7.03] lets a Receptionist update Patient data and writes an UPDATE audit record"},{"ancestorTitles":["S7 Patient intake and Visit state machine (functional API)"],"duration":1187,"failureDetails":[],"failureMessages":[],"fullName":"S7 Patient intake and Visit state machine (functional API) [TC7.04] registers a Visit for an existing Patient in an active examination department with WAITING state and audit","invocations":1,"location":null,"numPassingAsserts":2,"retryReasons":[],"status":"passed","title":"[TC7.04] registers a Visit for an existing Patient in an active examination department with WAITING state and audit"},{"ancestorTitles":["S7 Patient intake and Visit state machine (functional API)"],"duration":1145,"failureDetails":[],"failureMessages":[],"fullName":"S7 Patient intake and Visit state machine (functional API) [TC7.05] atomically creates a new Patient and its WAITING Visit through quick intake","invocations":1,"location":null,"numPassingAsserts":2,"retryReasons":[],"status":"passed","title":"[TC7.05] atomically creates a new Patient and its WAITING Visit through quick intake"},{"ancestorTitles":["S7 Patient intake and Visit state machine (functional API)"],"duration":1175,"failureDetails":[],"failureMessages":[],"fullName":"S7 Patient intake and Visit state machine (functional API) [TC7.06] refuses an intake that sends both an existing Patient and new Patient data without partial writes","invocations":1,"location":null,"numPassingAsserts":2,"retryReasons":[],"status":"passed","title":"[TC7.06] refuses an intake that sends both an existing Patient and new Patient data without partial writes"},{"ancestorTitles":["S7 Patient intake and Visit state machine (functional API)"],"duration":1229,"failureDetails":[],"failureMessages":[],"fullName":"S7 Patient intake and Visit state machine (functional API) [TC7.07] rejects quick intake with no valid contact or identity and creates no Patient or Visit","invocations":1,"location":null,"numPassingAsserts":2,"retryReasons":[],"status":"passed","title":"[TC7.07] rejects quick intake with no valid contact or identity and creates no Patient or Visit"},{"ancestorTitles":["S7 Patient intake and Visit state machine (functional API)"],"duration":1193,"failureDetails":[],"failureMessages":[],"fullName":"S7 Patient intake and Visit state machine (functional API) [TC7.08] refuses Visit creation in missing, wrong-type, or inactive departments without changing the Patient","invocations":1,"location":null,"numPassingAsserts":2,"retryReasons":[],"status":"passed","title":"[TC7.08] refuses Visit creation in missing, wrong-type, or inactive departments without changing the Patient"},{"ancestorTitles":["S7 Patient intake and Visit state machine (functional API)"],"duration":1382,"failureDetails":[],"failureMessages":[],"fullName":"S7 Patient intake and Visit state machine (functional API) [TC7.10] permits the direct Visit state-machine path and writes status audits","invocations":1,"location":null,"numPassingAsserts":2,"retryReasons":[],"status":"passed","title":"[TC7.10] permits the direct Visit state-machine path and writes status audits"},{"ancestorTitles":["S7 Patient intake and Visit state machine (functional API)"],"duration":1275,"failureDetails":[],"failureMessages":[],"fullName":"S7 Patient intake and Visit state machine (functional API) [TC7.11] rejects invalid or terminal Visit status transitions without changing persisted state","invocations":1,"location":null,"numPassingAsserts":1,"retryReasons":[],"status":"passed","title":"[TC7.11] rejects invalid or terminal Visit status transitions without changing persisted state"}],"endTime":1785657702830,"message":"","name":"D:\\Personal Datas\\KLTN\\apps\\hospital-api\\test\\functional\\s7-intake.functional-spec.ts","startTime":1785657689690,"status":"passed","summary":""},{"assertionResults":[{"ancestorTitles":["S1 Authentication and authorization (functional API)"],"duration":1212,"failureDetails":[],"failureMessages":[],"fullName":"S1 Authentication and authorization (functional API) [TC1.01] allows the single Admin A to begin first login with a valid invite token","invocations":1,"location":null,"numPassingAsserts":2,"retryReasons":[],"status":"passed","title":"[TC1.01] allows the single Admin A to begin first login with a valid invite token"},{"ancestorTitles":["S1 Authentication and authorization (functional API)"],"duration":1089,"failureDetails":[],"failureMessages":[],"fullName":"S1 Authentication and authorization (functional API) [TC1.02] rejects an invalid invite token without creating an authenticated cookie","invocations":1,"location":null,"numPassingAsserts":2,"retryReasons":[],"status":"passed","title":"[TC1.02] rejects an invalid invite token without creating an authenticated cookie"},{"ancestorTitles":["S1 Authentication and authorization (functional API)"],"duration":1182,"failureDetails":[],"failureMessages":[],"fullName":"S1 Authentication and authorization (functional API) [TC1.06] accepts public invite entry but rejects a token linked to a non-Admin account","invocations":1,"location":null,"numPassingAsserts":2,"retryReasons":[],"status":"passed","title":"[TC1.06] accepts public invite entry but rejects a token linked to a non-Admin account"},{"ancestorTitles":["S1 Authentication and authorization (functional API)"],"duration":1145,"failureDetails":[],"failureMessages":[],"fullName":"S1 Authentication and authorization (functional API) [TC1.07] rejects an expired or already used invite token","invocations":1,"location":null,"numPassingAsserts":0,"retryReasons":[],"status":"passed","title":"[TC1.07] rejects an expired or already used invite token"},{"ancestorTitles":["S1 Authentication and authorization (functional API)"],"duration":1174,"failureDetails":[],"failureMessages":[],"fullName":"S1 Authentication and authorization (functional API) [TC1.08] changes a staff password when the current password is correct","invocations":1,"location":null,"numPassingAsserts":2,"retryReasons":[],"status":"passed","title":"[TC1.08] changes a staff password when the current password is correct"},{"ancestorTitles":["S1 Authentication and authorization (functional API)"],"duration":1133,"failureDetails":[],"failureMessages":[],"fullName":"S1 Authentication and authorization (functional API) [TC1.09] rejects a password change when the supplied current password is wrong","invocations":1,"location":null,"numPassingAsserts":1,"retryReasons":[],"status":"passed","title":"[TC1.09] rejects a password change when the supplied current password is wrong"},{"ancestorTitles":["S1 Authentication and authorization (functional API)"],"duration":1041,"failureDetails":[],"failureMessages":[],"fullName":"S1 Authentication and authorization (functional API) [TC1.10] denies a receptionist access to department administration without mutation","invocations":1,"location":null,"numPassingAsserts":1,"retryReasons":[],"status":"passed","title":"[TC1.10] denies a receptionist access to department administration without mutation"},{"ancestorTitles":["S1 Authentication and authorization (functional API)"],"duration":1064,"failureDetails":[],"failureMessages":[],"fullName":"S1 Authentication and authorization (functional API) [TC1.11] denies a doctor access to AI model registry administration without mutation","invocations":1,"location":null,"numPassingAsserts":1,"retryReasons":[],"status":"passed","title":"[TC1.11] denies a doctor access to AI model registry administration without mutation"},{"ancestorTitles":["S1 Authentication and authorization (functional API)"],"duration":1123,"failureDetails":[],"failureMessages":[],"fullName":"S1 Authentication and authorization (functional API) [TC1.12] denies a lab manager from creating a clinical conclusion","invocations":1,"location":null,"numPassingAsserts":1,"retryReasons":[],"status":"passed","title":"[TC1.12] denies a lab manager from creating a clinical conclusion"}],"endTime":1785657713979,"message":"","name":"D:\\Personal Datas\\KLTN\\apps\\hospital-api\\test\\functional\\s1-auth.functional-spec.ts","startTime":1785657702844,"status":"passed","summary":""}],"wasInterrupted":false}
